PID
....................................................................................................
....................................................................................................
....................................................................................................
....................................................................................................
....................................................................................................
....................................................................................................
....................................................................................................
....................................................................................................
....................................................................................................
....................................................................................................

                                           @@@@@@@@@@@@@                                            
                                        @@@@@@@@@@@@@@@@@@@@                                        
                                      @@@@@@@@@@@@@@@@@@@@@@@@                                      
                                    @@@@@@@@@@@@@@@@@@@%**#@@@@@                                    
                                   @@@@@@@@@@@@@@@@@@@@%***#%@@@@                                   
                                  @@@@@@@@@@@@@@@@@@@@@%#%@@@@@@@@                                  
                                  @@@@@@@@@@@@@@@@@@@@@@@@@@@@@@@@@                                 
                                 @@@@@@@@@@@@@@@@@@@@@@@@@@@@@@@@@@@                                
                                 @@@@@@@@@@@@@@@@@@@@@@@@#@@@@@@@@@@                                
                                 @@@@@@@@@@@@@@@@@@@+==--@@%@@@@@@@@@                               
                                 @@@#==-=+@@@@@@@@++==--:::@@@@@@@@@@                               
                                 @@@+......@@@@@@....%@+...=@@@@@@@@@                               
                                 @@@.*@#*#..@@%@@...@@@+@:..@@@@@@@@@                               
                                 @@@.@@@@@..@@@@@:.#@@@@@@..@@@@@@@@@                               
                                 @@@..@@@@:---:::::.@@@@@-..@@@@@@@@@                               
                                 @@@@...------::::::::@-...@@@@@@@@@@                               
                                 @@@@@==------:::::::::::::@@@@@@@@@@                               
                                  @@++==------::::::::::*+==@@@@@@@@@@                              
                                  @@++==------::::::::*=====@@@@@@@@@@                              
                                  @@@*+=------:::::*+=====+@@@@@+*@@@@@                             
                                  @@@-=***#+***++========---@@@@#+++%@@                             
                                  @@@:--**+++=======+=---::::@@@@%++%@@@                            
                                 @@@@.:---+*******=---::......@@@@@@@@@@@                           
                                @@@@=.::------------:..........@@@@@@@@@@@                          
                               @@@@.....:-------::.............:@@@@@@@@@@@@                        
                             @@@@@........:::::.................@@@@@@@@@@@@@                       
                           @@@@@@................................@@@@@@@@@@@@@@                     
                          @@@@@@.................................:@@@@@@@@@@@@@@                    
                        @@@@@@@...................................@@@@@@@@@@@@@@@@                  
                       @@@@@@@@::......................::::::::::.#@@@@@@@@@@@@@@@@                 
                      @@@@@@@@@:::..........................::::::..@@@@%@@@@@@@@@@@                
                      @@@@#@@@:.................................:::..@@@@@@%@@@@@@@@@               
                     @@@%@@@@......................................:..@@@@@@@#@@@@@@@@              
                    @@@%@@@@...........................................@@@%%@@*@@@@@@@@             
                    @@%%@@@.............................................@@%#%@@*@@@@@@@             
                   @@@#@@@..............................................@@@@@@@@%@@@@@@@            
                  @@@#@@@+...............................................@@@@@@@#@@@@@@@@           
                 @@@%@@@@................................................@@@@@@@#@@@@@@@@           
                 @@@#@@@.................................................@@@@@@@#@@@@@@@@           
                @@@@#@@@.................................................@@@@@@@#@@@@@@@@@          
               @@@@@#@@@.................................................@@@@@@*@@@@@@@@@@          
              @@@@@#+@@-.................................................@@@@@@%@@@@@@@@@@          
              @@@@@@#@@..................................................@@@@@#@@@@@@@@@@@          
              @@@@@@@#@..................................................@@@#%@%%%###@@@@@          
              %=-----@@#.................................................@@@@@@@@@@@#**%@           
             +=-------*@@@..........................................=-----@@@@@@@@@@@#%@@           
            +==--------=@@@@.......................................+==---*@@@@@@@@@@@@@---=         
    ++===++===----------=@@@@@:....................................=+=---=@@@@@@@@@@@@----=         
  +==--------------------=@@@@@@@...............................:::-+=---=+@@@@@@@@%=-----=         
  ==----------------------=*@@@@@@@.............................:::-+=---===+++++===-------=        
  ==------------------------+@@@@@@@@...........................:::-+=----========----------=       
  ==-------------------------+@@@@@@@@..........................:::=+=-------===--------------=     
  +=--------------------------=@@@@@@@..........................::@*+=--------------------------=   
  +==--------------------------=@@@@@...........................@@@*+=----------------------------=+
  +=----------------------------==............................@@@@@*+=---------------------------==+
  +=-----------------------------=*........................:@@@@@@@*+=------------------------===++ 
 +=------------------------------=+*@....................@@@@@@@@@**==------------------=====+++*   
++==------------------------------=+*@@@@@.........:@@@@@@@@@@@@@@*+==--------------===++++***      
+++====--------------------------==+*#@@@@@@@@@@@@@@@@@@@@@@@@@@@@**+=------------==+++***          
 *++++++=======------------------==+*#@@@@@@@@@@@@@@@@@@@@@@@@@@@@#*+==------=====++***             
       **++++++++=====---------===+*##@@@            @@@@@@@@@@@@@##*++=======++++**#               
              ******++++========++*##                           @@%##***++++++****#                 
                     #****+++++**##%                               %%####****####                   
                          #######%                                   %%%%#####                      


                                               LL             A
                                               LL            A A
                                               LL           AA AA
                                               LL          AA   AA
                                               LL          AAAAAAA
                                               LL         AA     AA
                                               LL         AA     AA
                                               LLLLLLLLL  AA     AA
                                               LLLLLLLLL  AA     AA
TTTTTTTTTT   OOOOOOO   UU     UU  RRRRRRR              EEEEEEEEE  IIIIIIIIII  FFFFFFFFF  FFFFFFFFF  EEEEEEEEE  LL
TTTTTTTT  OOOOOOOOO  UU     UU  RRRRRRRR             EEEEEEEEE  IIIIIIIIII  FFFFFFFFF  FFFFFFFFF  EEEEEEEEE  LL
  TT      OO     OO  UU     UU  RR     RR            EE             II      FF         FF         EE         LL
  TT      OO     OO  UU     UU  RR     RR            EE             II      FF         FF         EE         LL
  TT      OO     OO  UU     UU  RRRRRRRR             EEEEEEEE       II      FFFFFFFF   FFFFFFFF   EEEEEEEE   LL
  TT      OO     OO  UU     UU  RR  RR               EE             II      FF         FF         EE         LL
  TT      OO     OO  UU     UU  RR   RR              EE             II      FF         FF         EE         LL
  TT      OOOOOOOOO  UUUUUUUUU  RR    RR             EEEEEEEEE  IIIIIIIIII  FF         FF         EEEEEEEEE  LLLLLLLLL
  TT       OOOOOOO    UUUUUUU   RR     RR            EEEEEEEEE  IIIIIIIIII  FF         FF         EEEEEEEEE  LLLLLLLLL
                                                         .
                                                         1
                                                         1
                                                         1
                                                         M
                                                         M
                                                         M
                                                         M
                                                        \M/
                                                     . ' M ` .
                                                   \##-#####-##/
                                                    \# ##### #/
                                                  ###############
                                                  ###############
                                                   \ ! ! ! ! ! /
                                                    )! ! ! ! !(
                                                    +---------+
                                                    +! ! ! ! !+
                                                    +----*----+
                                                   +`. .':`. .'+
                                                   + .^. : .^. +
                                                   +:...:*:...:+
                                                   +`. .':`. .'+
                                                   + .^. : .^. +
                                                   +:...:*:...:+
                                                   +`. .':`. .'+
                                                   +. ^. : .^ .+
                                                  +:....:*:....:+
                                                  +` .  ':`  . '+
                                                  +  .^. : .^.  +
                                                  +:....:*:....:+
                                                  +` .. ':` .. '+
                                                  +. '` .:. '` .+
                                                  +:....:*:....:+
                                                  + `. .':`. .' +
                                                  +   X  :  X   +
                                                  +.'  `.:.'  `.+
                                                 +:......*......:+
                                                 +`.   .':`.   .'+
                                                 +   X   :   X   +
                                                 + .' `. : .' `. +
                                                 +.......*.......+
                                                 +` . . ':` . . '+
                                                 +   X   :   X   +
                                                 + '   ` : '   ` +
                                                 +../########....+
                                                 +`/#########\ .'+
                                                +  ############   +
                                                + '############`  +
                                                +:.......*.......:+
                                                + ` .  ' : `  . ' +
                                                +    X   :   X    +
                                                + .'   `.:.'   `. +
                                                +:.......*.......:+
                                                +`      ':`      '+
                                               +  `   '  :  `   '  +
                                               +    X   : :   X    +
                                               +  '   ` : : '   `  +
                                               +:.......*.*.......:+
                                               +`      ': :`      '+
                                               + `   '  : :  `   ' +
                                               +   X   : X :   X   +
                                              +  '   ` :' `: '   `  +
                                              +:.......*...*.......:+
                                              +`      ':` ':`      '+
                                              + `   '  : X :  `   ' +
                                              +   X   :     :   X   +
                                              + '   ` :/   \: '   ` +
                                             +:.......*.....*.......:+
                                             +`      ':`   ':`      '+
                                             + `   '  : `.' :  `   ' +
                                            +    X   :  ' `  :   X    +
                                            +  '   ` :'     `: '   `  +
                                            +:.......*.......*.......:+
                                           + `      ':`     ':`      ' +
                                           +  ` . '  :  `.'  :  ` . '  +
                                          +    ' `  :   ' `   :  ' `    +
                                          +. '    ` : '     ` : '    ` .+
                                         +..........*.........*..........+
                                         +  ###########################  +
                                         +  ###########################  +
                                        +   ###########################   +
                                     #########################################
                                    ###########################################
                                     \   1   1   1   1   1   1   1   1   1   /
                                      )  1   1   1   1   1   1   1   1   1  (
                                      +-----:-----+-------------+-----:-----+
                                      +     :     +             +     :     +
                                     *------*-----*-------------*-----*------*
                                     +XXXXXXXXXXX+XXXXXXXXXXXXXXX+XXXXXXXXXXX+
                                     *-----*-----*---------------*-----*-----*
                                    + `.   :  . '+               +` .  :   .' +
                                    +    . : '   +               +   ` : .    +
                                   +    . *.    +                 +    .* .    +
                                   + . '  : `.  +                 +  .' :  ` . +
                                  *:......*....:*                 *:....*......:*
                                  + `.   :   . '+                 +` .   :   .' +
                                 +     `.:. '  +                   +  ` .:.'     +
                                 +   . '* `.   +                   +   .' *` .   +
                                + . '   :    `.+                   +.'    :   ` . +
                                *:.....*.......*                   *.......*.....:*
                               +  ` .. :  .. ' +                   + ` ..  : .. '  +
                               +     . *'     +                     +     `* .     +
                              +  .. ' :   ` . +                     + . '   : ` ..  +
                              *.:....*.......:*                     *:.......*....:.*
                             +   ` ..: . - '  +                     +  ` - . :.. '   +
                             +    .. * ..    +                       +    .. * ..    +
                        -------------------------------------------------------------------
                          1 +:       :      +:       :       :       :+      :       :+ 1
                          1+ :       :      +:       :       :       :+      :       : +1
                        ###################################################################
                         1   1   1   1   1   1   1   1   1   1   1   1   1   1   1   1   1
                         1   1   1   1   1   1   1   1   1   1   1   1   1   1   1   1   1
                         +---------------------------------------------------------------+
                        +! . ! . ! . ! . !+. ! . ! . ! . ! . ! . ! . ! .+! . ! . ! . ! . !+
                       +:!: :!: :!: :!: :!+ :!: :!: :!: :!: :!: :!: :!: +!: :!: :!: :!: :!:+
                       +.!.:.!.:.!.:.!.:.!+:.!.:.!.:.!.:.!.:.!.:.!.:.!.:+!.:.!.:.!.:.!.:.!.+
                      +XXXXXXXXXXXXXXXXXX+\     \  ..-#######-..  /     /+XXXXXXXXXXXXXXXXXX+
                     *-------------------* \    .-' \  1 1 1  / `-.    / *-------------------*
                     +  ` .    : ..  '  +   \.-' \   .-------.   / `-./   +  `  .. :    . '  +
                    +.......:.*:........+ .-' \  .-''         ``-.  / `-. +........:*.:.......+
                   +    .  '  : ` .    +\:  \  -'                 `-  /  :/+    . ' :  `  .    +
                   +..:.......:.....:..+/ \ .-'                     `-. / \+..:.....:.......:..+
                  +    ` .   :    .  ' + \.'                           `./ + `  .    :   . '    +
                 +.........:.*..:.....+  /                               \  +.....:..*.:.........+
                +     .  '  :   ` .   + /                                 \ +   . '   :  `  .     +
                +...:......:........:+ /                                   \ +:........:..........+
               +    `  .  :  .  '    +/                                     \+    `  .  :  .  '    +
              +...........*.........+                                         +.........*...........+
             +     .  '  :   `  .   +                                         +   .  '   :  `  .     +
            +...:.......:.........:+                                           +:.........:.......:...+
           +    `  .    :   .   '  +                                           +  `   .   :    .  '    +
          +..........:.*.:........+                                             +........:.*.:..........+
         +     .   '  :   `  .    +                                             +    .  '   :  `   .     +
        +...:.........:.........:+                                               +:.........:.........:...+
       +   `   .     :     .   ' +                                               + `   .     :     .   '   +
      +...........:.*..:........+                                                 +........:..*.:...........+
     +      .   '  :   `  .     +                                                 +     .  '   :  `   .      +
    +...:.........:..........:.+                                                   +.:..........:.........:...+
   +     `  .     :      .  ' +                                                     + `  .      :     .  '     +
  +            ` *  - '      +                                                       +      ` -  * '            +
 -----------------------------------------------------------------------------------------------------------------                        

# Emoji 11.0

## Smileys & People

### face-positive

😀 😁 😂 🤣 😃 😄 😅 😆 😉 😊 😋 😎 😍 😘 🥰 😗 😙 😚 ☺️ 🙂 🤗 🤩

### face-neutral

🤔 🤨 😐 😑 😶 🙄 😏 😣 😥 😮 🤐 😯 😪 😫 😴 😌 😛 😜 😝 🤤 😒 😓 😔 😕 🙃 🤑 😲

### face-negative

☹️ 🙁 😖 😞 😟 😤 😢 😭 😦 😧 😨 😩 🤯 😬 😰 😱 🥵 🥶 😳 🤪 😵 😡 😠 🤬

### face-sick

😷 🤒 🤕 🤢 🤮 🤧

### face-role

😇 🤠 🥳 🥴 🥺 🤥 🤫 🤭 🧐 🤓

### face-fantasy

😈 👿 🤡 👹 👺 💀 ☠️ 👻 👽 👾 🤖 💩

### cat-face

😺 😸 😹 😻 😼 😽 🙀 😿 😾

### monkey-face

🙈 🙉 🙊

### skin-tone

🏻 🏼 🏽 🏾 🏿

### person

👶 👶🏻 👶🏼 👶🏽 👶🏾 👶🏿 🧒 🧒🏻 🧒🏼 🧒🏽 🧒🏾 🧒🏿 👦 👦🏻 👦🏼 👦🏽 👦🏾 👦🏿 👧 👧🏻 👧🏼 👧🏽 👧🏾 👧🏿 🧑 🧑🏻 🧑🏼 🧑🏽 🧑🏾 🧑🏿 👨 👨🏻 👨🏼 👨🏽 👨🏾 👨🏿 👩 👩🏻 👩🏼 👩🏽 👩🏾 👩🏿 🧓 🧓🏻 🧓🏼 🧓🏽 🧓🏾 🧓🏿 👴 👴🏻 👴🏼 👴🏽 👴🏾 👴🏿 👵 👵🏻 👵🏼 👵🏽 👵🏾 👵🏿

### person-role

👨‍⚕️ 👨🏻‍⚕️ 👨🏼‍⚕️ 👨🏽‍⚕️ 👨🏾‍⚕️ 👨🏿‍⚕️ 👩‍⚕️ 👩🏻‍⚕️ 👩🏼‍⚕️ 👩🏽‍⚕️ 👩🏾‍⚕️ 👩🏿‍⚕️ 👨‍🎓 👨🏻‍🎓 👨🏼‍🎓 👨🏽‍🎓 👨🏾‍🎓 👨🏿‍🎓 👩‍🎓 👩🏻‍🎓 👩🏼‍🎓 👩🏽‍🎓 👩🏾‍🎓 👩🏿‍🎓 👨‍🏫 👨🏻‍🏫 👨🏼‍🏫 👨🏽‍🏫 👨🏾‍🏫 👨🏿‍🏫 👩‍🏫 👩🏻‍🏫 👩🏼‍🏫 👩🏽‍🏫 👩🏾‍🏫 👩🏿‍🏫 👨‍⚖️ 👨🏻‍⚖️ 👨🏼‍⚖️ 👨🏽‍⚖️ 👨🏾‍⚖️ 👨🏿‍⚖️ 👩‍⚖️ 👩🏻‍⚖️ 👩🏼‍⚖️ 👩🏽‍⚖️ 👩🏾‍⚖️ 👩🏿‍⚖️ 👨‍🌾 👨🏻‍🌾 👨🏼‍🌾 👨🏽‍🌾 👨🏾‍🌾 👨🏿‍🌾 👩‍🌾 👩🏻‍🌾 👩🏼‍🌾 👩🏽‍🌾 👩🏾‍🌾 👩🏿‍🌾 👨‍🍳 👨🏻‍🍳 👨🏼‍🍳 👨🏽‍🍳 👨🏾‍🍳 👨🏿‍🍳 👩‍🍳 👩🏻‍🍳 👩🏼‍🍳 👩🏽‍🍳 👩🏾‍🍳 👩🏿‍🍳 👨‍🔧 👨🏻‍🔧 👨🏼‍🔧 👨🏽‍🔧 👨🏾‍🔧 👨🏿‍🔧 👩‍🔧 👩🏻‍🔧 👩🏼‍🔧 👩🏽‍🔧 👩🏾‍🔧 👩🏿‍🔧 👨‍🏭 👨🏻‍🏭 👨🏼‍🏭 👨🏽‍🏭 👨🏾‍🏭 👨🏿‍🏭 👩‍🏭 👩🏻‍🏭 👩🏼‍🏭 👩🏽‍🏭 👩🏾‍🏭 👩🏿‍🏭 👨‍💼 👨🏻‍💼 👨🏼‍💼 👨🏽‍💼 👨🏾‍💼 👨🏿‍💼 👩‍💼 👩🏻‍💼 👩🏼‍💼 👩🏽‍💼 👩🏾‍💼 👩🏿‍💼 👨‍🔬 👨🏻‍🔬 👨🏼‍🔬 👨🏽‍🔬 👨🏾‍🔬 👨🏿‍🔬 👩‍🔬 👩🏻‍🔬 👩🏼‍🔬 👩🏽‍🔬 👩🏾‍🔬 👩🏿‍🔬 👨‍💻 👨🏻‍💻 👨🏼‍💻 👨🏽‍💻 👨🏾‍💻 👨🏿‍💻 👩‍💻 👩🏻‍💻 👩🏼‍💻 👩🏽‍💻 👩🏾‍💻 👩🏿‍💻 👨‍🎤 👨🏻‍🎤 👨🏼‍🎤 👨🏽‍🎤 👨🏾‍🎤 👨🏿‍🎤 👩‍🎤 👩🏻‍🎤 👩🏼‍🎤 👩🏽‍🎤 👩🏾‍🎤 👩🏿‍🎤 👨‍🎨 👨🏻‍🎨 👨🏼‍🎨 👨🏽‍🎨 👨🏾‍🎨 👨🏿‍🎨 👩‍🎨 👩🏻‍🎨 👩🏼‍🎨 👩🏽‍🎨 👩🏾‍🎨 👩🏿‍🎨 👨‍✈️ 👨🏻‍✈️ 👨🏼‍✈️ 👨🏽‍✈️ 👨🏾‍✈️ 👨🏿‍✈️ 👩‍✈️ 👩🏻‍✈️ 👩🏼‍✈️ 👩🏽‍✈️ 👩🏾‍✈️ 👩🏿‍✈️ 👨‍🚀 👨🏻‍🚀 👨🏼‍🚀 👨🏽‍🚀 👨🏾‍🚀 👨🏿‍🚀 👩‍🚀 👩🏻‍🚀 👩🏼‍🚀 👩🏽‍🚀 👩🏾‍🚀 👩🏿‍🚀 👨‍🚒 👨🏻‍🚒 👨🏼‍🚒 👨🏽‍🚒 👨🏾‍🚒 👨🏿‍🚒 👩‍🚒 👩🏻‍🚒 👩🏼‍🚒 👩🏽‍🚒 👩🏾‍🚒 👩🏿‍🚒 👮 👮🏻 👮🏼 👮🏽 👮🏾 👮🏿 👮‍♂️ 👮🏻‍♂️ 👮🏼‍♂️ 👮🏽‍♂️ 👮🏾‍♂️ 👮🏿‍♂️ 👮‍♀️ 👮🏻‍♀️ 👮🏼‍♀️ 👮🏽‍♀️ 👮🏾‍♀️ 👮🏿‍♀️ 🕵️ 🕵🏻 🕵🏼 🕵🏽 🕵🏾 🕵🏿 🕵️‍♂️ 🕵🏻‍♂️ 🕵🏼‍♂️ 🕵🏽‍♂️ 🕵🏾‍♂️ 🕵🏿‍♂️ 🕵️‍♀️ 🕵🏻‍♀️ 🕵🏼‍♀️ 🕵🏽‍♀️ 🕵🏾‍♀️ 🕵🏿‍♀️ 💂 💂🏻 💂🏼 💂🏽 💂🏾 💂🏿 💂‍♂️ 💂🏻‍♂️ 💂🏼‍♂️ 💂🏽‍♂️ 💂🏾‍♂️ 💂🏿‍♂️ 💂‍♀️ 💂🏻‍♀️ 💂🏼‍♀️ 💂🏽‍♀️ 💂🏾‍♀️ 💂🏿‍♀️ 👷 👷🏻 👷🏼 👷🏽 👷🏾 👷🏿 👷‍♂️ 👷🏻‍♂️ 👷🏼‍♂️ 👷🏽‍♂️ 👷🏾‍♂️ 👷🏿‍♂️ 👷‍♀️ 👷🏻‍♀️ 👷🏼‍♀️ 👷🏽‍♀️ 👷🏾‍♀️ 👷🏿‍♀️ 🤴 🤴🏻 🤴🏼 🤴🏽 🤴🏾 🤴🏿 👸 👸🏻 👸🏼 👸🏽 👸🏾 👸🏿 👳 👳🏻 👳🏼 👳🏽 👳🏾 👳🏿 👳‍♂️ 👳🏻‍♂️ 👳🏼‍♂️ 👳🏽‍♂️ 👳🏾‍♂️ 👳🏿‍♂️ 👳‍♀️ 👳🏻‍♀️ 👳🏼‍♀️ 👳🏽‍♀️ 👳🏾‍♀️ 👳🏿‍♀️ 👲 👲🏻 👲🏼 👲🏽 👲🏾 👲🏿 🧕 🧕🏻 🧕🏼 🧕🏽 🧕🏾 🧕🏿 🧔 🧔🏻 🧔🏼 🧔🏽 🧔🏾 🧔🏿 👱 👱🏻 👱🏼 👱🏽 👱🏾 👱🏿 👱‍♂️ 👱🏻‍♂️ 👱🏼‍♂️ 👱🏽‍♂️ 👱🏾‍♂️ 👱🏿‍♂️ 👱‍♀️ 👱🏻‍♀️ 👱🏼‍♀️ 👱🏽‍♀️ 👱🏾‍♀️ 👱🏿‍♀️ 👨‍🦰 👨🏻‍🦰 👨🏼‍🦰 👨🏽‍🦰 👨🏾‍🦰 👨🏿‍🦰 👩‍🦰 👩🏻‍🦰 👩🏼‍🦰 👩🏽‍🦰 👩🏾‍🦰 👩🏿‍🦰 👨‍🦱 👨🏻‍🦱 👨🏼‍🦱 👨🏽‍🦱 👨🏾‍🦱 👨🏿‍🦱 👩‍🦱 👩🏻‍🦱 👩🏼‍🦱 👩🏽‍🦱 👩🏾‍🦱 👩🏿‍🦱 👨‍🦲 👨🏻‍🦲 👨🏼‍🦲 👨🏽‍🦲 👨🏾‍🦲 👨🏿‍🦲 👩‍🦲 👩🏻‍🦲 👩🏼‍🦲 👩🏽‍🦲 👩🏾‍🦲 👩🏿‍🦲 👨‍🦳 👨🏻‍🦳 👨🏼‍🦳 👨🏽‍🦳 👨🏾‍🦳 👨🏿‍🦳 👩‍🦳 👩🏻‍🦳 👩🏼‍🦳 👩🏽‍🦳 👩🏾‍🦳 👩🏿‍🦳 🤵 🤵🏻 🤵🏼 🤵🏽 🤵🏾 🤵🏿 👰 👰🏻 👰🏼 👰🏽 👰🏾 👰🏿 🤰 🤰🏻 🤰🏼 🤰🏽 🤰🏾 🤰🏿 🤱 🤱🏻 🤱🏼 🤱🏽 🤱🏾 🤱🏿

### person-fantasy

👼 👼🏻 👼🏼 👼🏽 👼🏾 👼🏿 🎅 🎅🏻 🎅🏼 🎅🏽 🎅🏾 🎅🏿 🤶 🤶🏻 🤶🏼 🤶🏽 🤶🏾 🤶🏿 🦸 🦸🏻 🦸🏼 🦸🏽 🦸🏾 🦸🏿 🦸‍♀️ 🦸🏻‍♀️ 🦸🏼‍♀️ 🦸🏽‍♀️ 🦸🏾‍♀️ 🦸🏿‍♀️ 🦸‍♂️ 🦸🏻‍♂️ 🦸🏼‍♂️ 🦸🏽‍♂️ 🦸🏾‍♂️ 🦸🏿‍♂️ 🦹 🦹🏻 🦹🏼 🦹🏽 🦹🏾 🦹🏿 🦹‍♀️ 🦹🏻‍♀️ 🦹🏼‍♀️ 🦹🏽‍♀️ 🦹🏾‍♀️ 🦹🏿‍♀️ 🦹‍♂️ 🦹🏻‍♂️ 🦹🏼‍♂️ 🦹🏽‍♂️ 🦹🏾‍♂️ 🦹🏿‍♂️ 🧙 🧙🏻 🧙🏼 🧙🏽 🧙🏾 🧙🏿 🧙‍♀️ 🧙🏻‍♀️ 🧙🏼‍♀️ 🧙🏽‍♀️ 🧙🏾‍♀️ 🧙🏿‍♀️ 🧙‍♂️ 🧙🏻‍♂️ 🧙🏼‍♂️ 🧙🏽‍♂️ 🧙🏾‍♂️ 🧙🏿‍♂️ 🧚 🧚🏻 🧚🏼 🧚🏽 🧚🏾 🧚🏿 🧚‍♀️ 🧚🏻‍♀️ 🧚🏼‍♀️ 🧚🏽‍♀️ 🧚🏾‍♀️ 🧚🏿‍♀️ 🧚‍♂️ 🧚🏻‍♂️ 🧚🏼‍♂️ 🧚🏽‍♂️ 🧚🏾‍♂️ 🧚🏿‍♂️ 🧛 🧛🏻 🧛🏼 🧛🏽 🧛🏾 🧛🏿 🧛‍♀️ 🧛🏻‍♀️ 🧛🏼‍♀️ 🧛🏽‍♀️ 🧛🏾‍♀️ 🧛🏿‍♀️ 🧛‍♂️ 🧛🏻‍♂️ 🧛🏼‍♂️ 🧛🏽‍♂️ 🧛🏾‍♂️ 🧛🏿‍♂️ 🧜 🧜🏻 🧜🏼 🧜🏽 🧜🏾 🧜🏿 🧜‍♀️ 🧜🏻‍♀️ 🧜🏼‍♀️ 🧜🏽‍♀️ 🧜🏾‍♀️ 🧜🏿‍♀️ 🧜‍♂️ 🧜🏻‍♂️ 🧜🏼‍♂️ 🧜🏽‍♂️ 🧜🏾‍♂️ 🧜🏿‍♂️ 🧝 🧝🏻 🧝🏼 🧝🏽 🧝🏾 🧝🏿 🧝‍♀️ 🧝🏻‍♀️ 🧝🏼‍♀️ 🧝🏽‍♀️ 🧝🏾‍♀️ 🧝🏿‍♀️ 🧝‍♂️ 🧝🏻‍♂️ 🧝🏼‍♂️ 🧝🏽‍♂️ 🧝🏾‍♂️ 🧝🏿‍♂️ 🧞 🧞‍♀️ 🧞‍♂️ 🧟 🧟‍♀️ 🧟‍♂️

### person-gesture

🙍 🙍🏻 🙍🏼 🙍🏽 🙍🏾 🙍🏿 🙍‍♂️ 🙍🏻‍♂️ 🙍🏼‍♂️ 🙍🏽‍♂️ 🙍🏾‍♂️ 🙍🏿‍♂️ 🙍‍♀️ 🙍🏻‍♀️ 🙍🏼‍♀️ 🙍🏽‍♀️ 🙍🏾‍♀️ 🙍🏿‍♀️ 🙎 🙎🏻 🙎🏼 🙎🏽 🙎🏾 🙎🏿 🙎‍♂️ 🙎🏻‍♂️ 🙎🏼‍♂️ 🙎🏽‍♂️ 🙎🏾‍♂️ 🙎🏿‍♂️ 🙎‍♀️ 🙎🏻‍♀️ 🙎🏼‍♀️ 🙎🏽‍♀️ 🙎🏾‍♀️ 🙎🏿‍♀️ 🙅 🙅🏻 🙅🏼 🙅🏽 🙅🏾 🙅🏿 🙅‍♂️ 🙅🏻‍♂️ 🙅🏼‍♂️ 🙅🏽‍♂️ 🙅🏾‍♂️ 🙅🏿‍♂️ 🙅‍♀️ 🙅🏻‍♀️ 🙅🏼‍♀️ 🙅🏽‍♀️ 🙅🏾‍♀️ 🙅🏿‍♀️ 🙆 🙆🏻 🙆🏼 🙆🏽 🙆🏾 🙆🏿 🙆‍♂️ 🙆🏻‍♂️ 🙆🏼‍♂️ 🙆🏽‍♂️ 🙆🏾‍♂️ 🙆🏿‍♂️ 🙆‍♀️ 🙆🏻‍♀️ 🙆🏼‍♀️ 🙆🏽‍♀️ 🙆🏾‍♀️ 🙆🏿‍♀️ 💁 💁🏻 💁🏼 💁🏽 💁🏾 💁🏿 💁‍♂️ 💁🏻‍♂️ 💁🏼‍♂️ 💁🏽‍♂️ 💁🏾‍♂️ 💁🏿‍♂️ 💁‍♀️ 💁🏻‍♀️ 💁🏼‍♀️ 💁🏽‍♀️ 💁🏾‍♀️ 💁🏿‍♀️ 🙋 🙋🏻 🙋🏼 🙋🏽 🙋🏾 🙋🏿 🙋‍♂️ 🙋🏻‍♂️ 🙋🏼‍♂️ 🙋🏽‍♂️ 🙋🏾‍♂️ 🙋🏿‍♂️ 🙋‍♀️ 🙋🏻‍♀️ 🙋🏼‍♀️ 🙋🏽‍♀️ 🙋🏾‍♀️ 🙋🏿‍♀️ 🙇 🙇🏻 🙇🏼 🙇🏽 🙇🏾 🙇🏿 🙇‍♂️ 🙇🏻‍♂️ 🙇🏼‍♂️ 🙇🏽‍♂️ 🙇🏾‍♂️ 🙇🏿‍♂️ 🙇‍♀️ 🙇🏻‍♀️ 🙇🏼‍♀️ 🙇🏽‍♀️ 🙇🏾‍♀️ 🙇🏿‍♀️ 🤦 🤦🏻 🤦🏼 🤦🏽 🤦🏾 🤦🏿 🤦‍♂️ 🤦🏻‍♂️ 🤦🏼‍♂️ 🤦🏽‍♂️ 🤦🏾‍♂️ 🤦🏿‍♂️ 🤦‍♀️ 🤦🏻‍♀️ 🤦🏼‍♀️ 🤦🏽‍♀️ 🤦🏾‍♀️ 🤦🏿‍♀️ 🤷 🤷🏻 🤷🏼 🤷🏽 🤷🏾 🤷🏿 🤷‍♂️ 🤷🏻‍♂️ 🤷🏼‍♂️ 🤷🏽‍♂️ 🤷🏾‍♂️ 🤷🏿‍♂️ 🤷‍♀️ 🤷🏻‍♀️ 🤷🏼‍♀️ 🤷🏽‍♀️ 🤷🏾‍♀️ 🤷🏿‍♀️

### person-activity

💆 💆🏻 💆🏼 💆🏽 💆🏾 💆🏿 💆‍♂️ 💆🏻‍♂️ 💆🏼‍♂️ 💆🏽‍♂️ 💆🏾‍♂️ 💆🏿‍♂️ 💆‍♀️ 💆🏻‍♀️ 💆🏼‍♀️ 💆🏽‍♀️ 💆🏾‍♀️ 💆🏿‍♀️ 💇 💇🏻 💇🏼 💇🏽 💇🏾 💇🏿 💇‍♂️ 💇🏻‍♂️ 💇🏼‍♂️ 💇🏽‍♂️ 💇🏾‍♂️ 💇🏿‍♂️ 💇‍♀️ 💇🏻‍♀️ 💇🏼‍♀️ 💇🏽‍♀️ 💇🏾‍♀️ 💇🏿‍♀️ 🚶 🚶🏻 🚶🏼 🚶🏽 🚶🏾 🚶🏿 🚶‍♂️ 🚶🏻‍♂️ 🚶🏼‍♂️ 🚶🏽‍♂️ 🚶🏾‍♂️ 🚶🏿‍♂️ 🚶‍♀️ 🚶🏻‍♀️ 🚶🏼‍♀️ 🚶🏽‍♀️ 🚶🏾‍♀️ 🚶🏿‍♀️ 🏃 🏃🏻 🏃🏼 🏃🏽 🏃🏾 🏃🏿 🏃‍♂️ 🏃🏻‍♂️ 🏃🏼‍♂️ 🏃🏽‍♂️ 🏃🏾‍♂️ 🏃🏿‍♂️ 🏃‍♀️ 🏃🏻‍♀️ 🏃🏼‍♀️ 🏃🏽‍♀️ 🏃🏾‍♀️ 🏃🏿‍♀️ 💃 💃🏻 💃🏼 💃🏽 💃🏾 💃🏿 🕺 🕺🏻 🕺🏼 🕺🏽 🕺🏾 🕺🏿 👯 👯‍♂️ 👯‍♀️ 🧖 🧖🏻 🧖🏼 🧖🏽 🧖🏾 🧖🏿 🧖‍♀️ 🧖🏻‍♀️ 🧖🏼‍♀️ 🧖🏽‍♀️ 🧖🏾‍♀️ 🧖🏿‍♀️ 🧖‍♂️ 🧖🏻‍♂️ 🧖🏼‍♂️ 🧖🏽‍♂️ 🧖🏾‍♂️ 🧖🏿‍♂️ 🧗 🧗🏻 🧗🏼 🧗🏽 🧗🏾 🧗🏿 🧗‍♀️ 🧗🏻‍♀️ 🧗🏼‍♀️ 🧗🏽‍♀️ 🧗🏾‍♀️ 🧗🏿‍♀️ 🧗‍♂️ 🧗🏻‍♂️ 🧗🏼‍♂️ 🧗🏽‍♂️ 🧗🏾‍♂️ 🧗🏿‍♂️ 🧘 🧘🏻 🧘🏼 🧘🏽 🧘🏾 🧘🏿 🧘‍♀️ 🧘🏻‍♀️ 🧘🏼‍♀️ 🧘🏽‍♀️ 🧘🏾‍♀️ 🧘🏿‍♀️ 🧘‍♂️ 🧘🏻‍♂️ 🧘🏼‍♂️ 🧘🏽‍♂️ 🧘🏾‍♂️ 🧘🏿‍♂️ 🛀 🛀🏻 🛀🏼 🛀🏽 🛀🏾 🛀🏿 🛌 🛌🏻 🛌🏼 🛌🏽 🛌🏾 🛌🏿 🕴️ 🕴🏻 🕴🏼 🕴🏽 🕴🏾 🕴🏿 🗣️ 👤 👥

### person-sport

🤺 🏇 🏇🏻 🏇🏼 🏇🏽 🏇🏾 🏇🏿 ⛷️ 🏂 🏂🏻 🏂🏼 🏂🏽 🏂🏾 🏂🏿 🏌️ 🏌🏻 🏌🏼 🏌🏽 🏌🏾 🏌🏿 🏌️‍♂️ 🏌🏻‍♂️ 🏌🏼‍♂️ 🏌🏽‍♂️ 🏌🏾‍♂️ 🏌🏿‍♂️ 🏌️‍♀️ 🏌🏻‍♀️ 🏌🏼‍♀️ 🏌🏽‍♀️ 🏌🏾‍♀️ 🏌🏿‍♀️ 🏄 🏄🏻 🏄🏼 🏄🏽 🏄🏾 🏄🏿 🏄‍♂️ 🏄🏻‍♂️ 🏄🏼‍♂️ 🏄🏽‍♂️ 🏄🏾‍♂️ 🏄🏿‍♂️ 🏄‍♀️ 🏄🏻‍♀️ 🏄🏼‍♀️ 🏄🏽‍♀️ 🏄🏾‍♀️ 🏄🏿‍♀️ 🚣 🚣🏻 🚣🏼 🚣🏽 🚣🏾 🚣🏿 🚣‍♂️ 🚣🏻‍♂️ 🚣🏼‍♂️ 🚣🏽‍♂️ 🚣🏾‍♂️ 🚣🏿‍♂️ 🚣‍♀️ 🚣🏻‍♀️ 🚣🏼‍♀️ 🚣🏽‍♀️ 🚣🏾‍♀️ 🚣🏿‍♀️ 🏊 🏊🏻 🏊🏼 🏊🏽 🏊🏾 🏊🏿 🏊‍♂️ 🏊🏻‍♂️ 🏊🏼‍♂️ 🏊🏽‍♂️ 🏊🏾‍♂️ 🏊🏿‍♂️ 🏊‍♀️ 🏊🏻‍♀️ 🏊🏼‍♀️ 🏊🏽‍♀️ 🏊🏾‍♀️ 🏊🏿‍♀️ ⛹️ ⛹🏻 ⛹🏼 ⛹🏽 ⛹🏾 ⛹🏿 ⛹️‍♂️ ⛹🏻‍♂️ ⛹🏼‍♂️ ⛹🏽‍♂️ ⛹🏾‍♂️ ⛹🏿‍♂️ ⛹️‍♀️ ⛹🏻‍♀️ ⛹🏼‍♀️ ⛹🏽‍♀️ ⛹🏾‍♀️ ⛹🏿‍♀️ 🏋️ 🏋🏻 🏋🏼 🏋🏽 🏋🏾 🏋🏿 🏋️‍♂️ 🏋🏻‍♂️ 🏋🏼‍♂️ 🏋🏽‍♂️ 🏋🏾‍♂️ 🏋🏿‍♂️ 🏋️‍♀️ 🏋🏻‍♀️ 🏋🏼‍♀️ 🏋🏽‍♀️ 🏋🏾‍♀️ 🏋🏿‍♀️ 🚴 🚴🏻 🚴🏼 🚴🏽 🚴🏾 🚴🏿 🚴‍♂️ 🚴🏻‍♂️ 🚴🏼‍♂️ 🚴🏽‍♂️ 🚴🏾‍♂️ 🚴🏿‍♂️ 🚴‍♀️ 🚴🏻‍♀️ 🚴🏼‍♀️ 🚴🏽‍♀️ 🚴🏾‍♀️ 🚴🏿‍♀️ 🚵 🚵🏻 🚵🏼 🚵🏽 🚵🏾 🚵🏿 🚵‍♂️ 🚵🏻‍♂️ 🚵🏼‍♂️ 🚵🏽‍♂️ 🚵🏾‍♂️ 🚵🏿‍♂️ 🚵‍♀️ 🚵🏻‍♀️ 🚵🏼‍♀️ 🚵🏽‍♀️ 🚵🏾‍♀️ 🚵🏿‍♀️ 🏎️ 🏍️ 🤸 🤸🏻 🤸🏼 🤸🏽 🤸🏾 🤸🏿 🤸‍♂️ 🤸🏻‍♂️ 🤸🏼‍♂️ 🤸🏽‍♂️ 🤸🏾‍♂️ 🤸🏿‍♂️ 🤸‍♀️ 🤸🏻‍♀️ 🤸🏼‍♀️ 🤸🏽‍♀️ 🤸🏾‍♀️ 🤸🏿‍♀️ 🤼 🤼‍♂️ 🤼‍♀️ 🤽 🤽🏻 🤽🏼 🤽🏽 🤽🏾 🤽🏿 🤽‍♂️ 🤽🏻‍♂️ 🤽🏼‍♂️ 🤽🏽‍♂️ 🤽🏾‍♂️ 🤽🏿‍♂️ 🤽‍♀️ 🤽🏻‍♀️ 🤽🏼‍♀️ 🤽🏽‍♀️ 🤽🏾‍♀️ 🤽🏿‍♀️ 🤾 🤾🏻 🤾🏼 🤾🏽 🤾🏾 🤾🏿 🤾‍♂️ 🤾🏻‍♂️ 🤾🏼‍♂️ 🤾🏽‍♂️ 🤾🏾‍♂️ 🤾🏿‍♂️ 🤾‍♀️ 🤾🏻‍♀️ 🤾🏼‍♀️ 🤾🏽‍♀️ 🤾🏾‍♀️ 🤾🏿‍♀️ 🤹 🤹🏻 🤹🏼 🤹🏽 🤹🏾 🤹🏿 🤹‍♂️ 🤹🏻‍♂️ 🤹🏼‍♂️ 🤹🏽‍♂️ 🤹🏾‍♂️ 🤹🏿‍♂️ 🤹‍♀️ 🤹🏻‍♀️ 🤹🏼‍♀️ 🤹🏽‍♀️ 🤹🏾‍♀️ 🤹🏿‍♀️

### family

👫 👬 👭 💏 👩‍❤️‍💋‍👨 👨‍❤️‍💋‍👨 👩‍❤️‍💋‍👩 💑 👩‍❤️‍👨 👨‍❤️‍👨 👩‍❤️‍👩 👪 👨‍👩‍👦 👨‍👩‍👧 👨‍👩‍👧‍👦 👨‍👩‍👦‍👦 👨‍👩‍👧‍👧 👨‍👨‍👦 👨‍👨‍👧 👨‍👨‍👧‍👦 👨‍👨‍👦‍👦 👨‍👨‍👧‍👧 👩‍👩‍👦 👩‍👩‍👧 👩‍👩‍👧‍👦 👩‍👩‍👦‍👦 👩‍👩‍👧‍👧 👨‍👦 👨‍👦‍👦 👨‍👧 👨‍👧‍👦 👨‍👧‍👧 👩‍👦 👩‍👦‍👦 👩‍👧 👩‍👧‍👦 👩‍👧‍👧

### body

🤳 🤳🏻 🤳🏼 🤳🏽 🤳🏾 🤳🏿 💪 💪🏻 💪🏼 💪🏽 💪🏾 💪🏿 🦵 🦵🏻 🦵🏼 🦵🏽 🦵🏾 🦵🏿 🦶 🦶🏻 🦶🏼 🦶🏽 🦶🏾 🦶🏿 👈 👈🏻 👈🏼 👈🏽 👈🏾 👈🏿 👉 👉🏻 👉🏼 👉🏽 👉🏾 👉🏿 ☝️ ☝🏻 ☝🏼 ☝🏽 ☝🏾 ☝🏿 👆 👆🏻 👆🏼 👆🏽 👆🏾 👆🏿 🖕 🖕🏻 🖕🏼 🖕🏽 🖕🏾 🖕🏿 👇 👇🏻 👇🏼 👇🏽 👇🏾 👇🏿 ✌️ ✌🏻 ✌🏼 ✌🏽 ✌🏾 ✌🏿 🤞 🤞🏻 🤞🏼 🤞🏽 🤞🏾 🤞🏿 🖖 🖖🏻 🖖🏼 🖖🏽 🖖🏾 🖖🏿 🤘 🤘🏻 🤘🏼 🤘🏽 🤘🏾 🤘🏿 🤙 🤙🏻 🤙🏼 🤙🏽 🤙🏾 🤙🏿 🖐️ 🖐🏻 🖐🏼 🖐🏽 🖐🏾 🖐🏿 ✋ ✋🏻 ✋🏼 ✋🏽 ✋🏾 ✋🏿 👌 👌🏻 👌🏼 👌🏽 👌🏾 👌🏿 👍 👍🏻 👍🏼 👍🏽 👍🏾 👍🏿 👎 👎🏻 👎🏼 👎🏽 👎🏾 👎🏿 ✊ ✊🏻 ✊🏼 ✊🏽 ✊🏾 ✊🏿 👊 👊🏻 👊🏼 👊🏽 👊🏾 👊🏿 🤛 🤛🏻 🤛🏼 🤛🏽 🤛🏾 🤛🏿 🤜 🤜🏻 🤜🏼 🤜🏽 🤜🏾 🤜🏿 🤚 🤚🏻 🤚🏼 🤚🏽 🤚🏾 🤚🏿 👋 👋🏻 👋🏼 👋🏽 👋🏾 👋🏿 🤟 🤟🏻 🤟🏼 🤟🏽 🤟🏾 🤟🏿 ✍️ ✍🏻 ✍🏼 ✍🏽 ✍🏾 ✍🏿 👏 👏🏻 👏🏼 👏🏽 👏🏾 👏🏿 👐 👐🏻 👐🏼 👐🏽 👐🏾 👐🏿 🙌 🙌🏻 🙌🏼 🙌🏽 🙌🏾 🙌🏿 🤲 🤲🏻 🤲🏼 🤲🏽 🤲🏾 🤲🏿 🙏 🙏🏻 🙏🏼 🙏🏽 🙏🏾 🙏🏿 🤝 💅 💅🏻 💅🏼 💅🏽 💅🏾 💅🏿 👂 👂🏻 👂🏼 👂🏽 👂🏾 👂🏿 👃 👃🏻 👃🏼 👃🏽 👃🏾 👃🏿 🦰 🦱 🦲 🦳 👣 👀 👁️ 👁️‍🗨️ 🧠 🦴 🦷 👅 👄

### emotion

💋 💘 ❤️ 💓 💔 💕 💖 💗 💙 💚 💛 🧡 💜 🖤 💝 💞 💟 ❣️ 💌 💤 💢 💣 💥 💦 💨 💫 💬 🗨️ 🗯️ 💭 🕳️

### clothing

👓 🕶️ 🥽 🥼 👔 👕 👖 🧣 🧤 🧥 🧦 👗 👘 👙 👚 👛 👜 👝 🛍️ 🎒 👞 👟 🥾 🥿 👠 👡 👢 👑 👒 🎩 🎓 🧢 ⛑️ 📿 💄 💍 💎

## Animals & Nature

### animal-mammal

🐵 🐒 🦍 🐶 🐕 🐩 🐺 🦊 🦝 🐱 🐈 🦁 🐯 🐅 🐆 🐴 🐎 🦄 🦓 🦌 🐮 🐂 🐃 🐄 🐷 🐖 🐗 🐽 🐏 🐑 🐐 🐪 🐫 🦙 🦒 🐘 🦏 🦛 🐭 🐁 🐀 🐹 🐰 🐇 🐿️ 🦔 🦇 🐻 🐨 🐼 🦘 🦡 🐾

### animal-bird

🦃 🐔 🐓 🐣 🐤 🐥 🐦 🐧 🕊️ 🦅 🦆 🦢 🦉 🦚 🦜

### animal-amphibian

🐸

### animal-reptile

🐊 🐢 🦎 🐍 🐲 🐉 🦕 🦖

### animal-marine

🐳 🐋 🐬 🐟 🐠 🐡 🦈 🐙 🐚 🦀 🦞 🦐 🦑

### animal-bug

🐌 🦋 🐛 🐜 🐝 🐞 🦗 🕷️ 🕸️ 🦂 🦟 🦠

### plant-flower

💐 🌸 💮 🏵️ 🌹 🥀 🌺 🌻 🌼 🌷

### plant-other

🌱 🌲 🌳 🌴 🌵 🌾 🌿 ☘️ 🍀 🍁 🍂 🍃

## Food & Drink

### food-fruit

🍇 🍈 🍉 🍊 🍋 🍌 🍍 🥭 🍎 🍏 🍐 🍑 🍒 🍓 🥝 🍅 🥥

### food-vegetable

🥑 🍆 🥔 🥕 🌽 🌶️ 🥒 🥬 🥦 🍄 🥜 🌰

### food-prepared

🍞 🥐 🥖 🥨 🥯 🥞 🧀 🍖 🍗 🥩 🥓 🍔 🍟 🍕 🌭 🥪 🌮 🌯 🥙 🥚 🍳 🥘 🍲 🥣 🥗 🍿 🧂 🥫

### food-asian

🍱 🍘 🍙 🍚 🍛 🍜 🍝 🍠 🍢 🍣 🍤 🍥 🥮 🍡 🥟 🥠 🥡

### food-sweet

🍦 🍧 🍨 🍩 🍪 🎂 🍰 🧁 🥧 🍫 🍬 🍭 🍮 🍯

### drink

🍼 🥛 ☕ 🍵 🍶 🍾 🍷 🍸 🍹 🍺 🍻 🥂 🥃 🥤

### dishware

🥢 🍽️ 🍴 🥄 🔪 🏺

## Travel & Places

### place-map

🌍 🌎 🌏 🌐 🗺️ 🗾 🧭

### place-geographic

🏔️ ⛰️ 🌋 🗻 🏕️ 🏖️ 🏜️ 🏝️ 🏞️

### place-building

🏟️ 🏛️ 🏗️ 🧱 🏘️ 🏚️ 🏠 🏡 🏢 🏣 🏤 🏥 🏦 🏨 🏩 🏪 🏫 🏬 🏭 🏯 🏰 💒 🗼 🗽

### place-religious

⛪ 🕌 🕍 ⛩️ 🕋

### place-other

⛲ ⛺ 🌁 🌃 🏙️ 🌄 🌅 🌆 🌇 🌉 ♨️ 🌌 🎠 🎡 🎢 💈 🎪

### transport-ground

🚂 🚃 🚄 🚅 🚆 🚇 🚈 🚉 🚊 🚝 🚞 🚋 🚌 🚍 🚎 🚐 🚑 🚒 🚓 🚔 🚕 🚖 🚗 🚘 🚙 🚚 🚛 🚜 🚲 🛴 🛹 🛵 🚏 🛣️ 🛤️ 🛢️ ⛽ 🚨 🚥 🚦 🛑 🚧

### transport-water

⚓ ⛵ 🛶 🚤 🛳️ ⛴️ 🛥️ 🚢

### transport-air

✈️ 🛩️ 🛫 🛬 💺 🚁 🚟 🚠 🚡 🛰️ 🚀 🛸

### hotel

🛎️ 🧳

### time

⌛ ⏳ ⌚ ⏰ ⏱️ ⏲️ 🕰️ 🕛 🕧 🕐 🕜 🕑 🕝 🕒 🕞 🕓 🕟 🕔 🕠 🕕 🕡 🕖 🕢 🕗 🕣 🕘 🕤 🕙 🕥 🕚 🕦

### sky & weather

🌑 🌒 🌓 🌔 🌕 🌖 🌗 🌘 🌙 🌚 🌛 🌜 🌡️ ☀️ 🌝 🌞 ⭐ 🌟 🌠 ☁️ ⛅ ⛈️ 🌤️ 🌥️ 🌦️ 🌧️ 🌨️ 🌩️ 🌪️ 🌫️ 🌬️ 🌀 🌈 🌂 ☂️ ☔ ⛱️ ⚡ ❄️ ☃️ ⛄ ☄️ 🔥 💧 🌊

## Activities

### event

🎃 🎄 🎆 🎇 🧨 ✨ 🎈 🎉 🎊 🎋 🎍 🎎 🎏 🎐 🎑 🧧 🎀 🎁 🎗️ 🎟️ 🎫

### award-medal

🎖️ 🏆 🏅 🥇 🥈 🥉

### sport

⚽ ⚾ 🥎 🏀 🏐 🏈 🏉 🎾 🥏 🎳 🏏 🏑 🏒 🥍 🏓 🏸 🥊 🥋 🥅 ⛳ ⛸️ 🎣 🎽 🎿 🛷 🥌

### game

🎯 🎱 🔮 🧿 🎮 🕹️ 🎰 🎲 🧩 🧸 ♠️ ♥️ ♦️ ♣️ ♟️ 🃏 🀄 🎴

### arts & crafts

🎭 🖼️ 🎨 🧵 🧶

## Objects

### sound

🔇 🔈 🔉 🔊 📢 📣 📯 🔔 🔕

### music

🎼 🎵 🎶 🎙️ 🎚️ 🎛️ 🎤 🎧 📻

### musical-instrument

🎷 🎸 🎹 🎺 🎻 🥁

### phone

📱 📲 ☎️ 📞 📟 📠

### computer

🔋 🔌 💻 🖥️ 🖨️ ⌨️ 🖱️ 🖲️ 💽 💾 💿 📀 🧮

### light & video

🎥 🎞️ 📽️ 🎬 📺 📷 📸 📹 📼 🔍 🔎 🕯️ 💡 🔦 🏮

### book-paper

📔 📕 📖 📗 📘 📙 📚 📓 📒 📃 📜 📄 📰 🗞️ 📑 🔖 🏷️

### money

💰 💴 💵 💶 💷 💸 💳 🧾 💹 💱 💲

### mail

✉️ 📧 📨 📩 📤 📥 📦 📫 📪 📬 📭 📮 🗳️

### writing

✏️ ✒️ 🖋️ 🖊️ 🖌️ 🖍️ 📝

### office

💼 📁 📂 🗂️ 📅 📆 🗒️ 🗓️ 📇 📈 📉 📊 📋 📌 📍 📎 🖇️ 📏 📐 ✂️ 🗃️ 🗄️ 🗑️

### lock

🔒 🔓 🔏 🔐 🔑 🗝️

### tool

🔨 ⛏️ ⚒️ 🛠️ 🗡️ ⚔️ 🔫 🏹 🛡️ 🔧 🔩 ⚙️ 🗜️ ⚖️ 🔗 ⛓️ 🧰 🧲

### science

⚗️ 🧪 🧫 🧬 🔬 🔭 📡

### medical

💉 💊

### household

🚪 🛏️ 🛋️ 🚽 🚿 🛁 🧴 🧷 🧹 🧺 🧻 🧼 🧽 🧯 🛒

### other-object

🚬 ⚰️ ⚱️ 🗿

## Symbols

### transport-sign

🏧 🚮 🚰 ♿ 🚹 🚺 🚻 🚼 🚾 🛂 🛃 🛄 🛅

### warning

⚠️ 🚸 ⛔ 🚫 🚳 🚭 🚯 🚱 🚷 📵 🔞 ☢️ ☣️

### arrow

⬆️ ↗️ ➡️ ↘️ ⬇️ ↙️ ⬅️ ↖️ ↕️ ↔️ ↩️ ↪️ ⤴️ ⤵️ 🔃 🔄 🔙 🔚 🔛 🔜 🔝

### religion

🛐 ⚛️ 🕉️ ✡️ ☸️ ☯️ ✝️ ☦️ ☪️ ☮️ 🕎 🔯

### zodiac

♈ ♉ ♊ ♋ ♌ ♍ ♎ ♏ ♐ ♑ ♒ ♓ ⛎

### av-symbol

🔀 🔁 🔂 ▶️ ⏩ ⏭️ ⏯️ ◀️ ⏪ ⏮️ 🔼 ⏫ 🔽 ⏬ ⏸️ ⏹️ ⏺️ ⏏️ 🎦 🔅 🔆 📶 📳 📴

### other-symbol

♀️ ♂️ ⚕️ ♾️ ♻️ ⚜️ 🔱 📛 🔰 ⭕ ✅ ☑️ ✔️ ✖️ ❌ ❎ ➕ ➖ ➗ ➰ ➿ 〽️ ✳️ ✴️ ❇️ ‼️ ⁉️ ❓ ❔ ❕ ❗ 〰️ ©️ ®️ ™️

### keycap

#️⃣ *️⃣ 0️⃣ 1️⃣ 2️⃣ 3️⃣ 4️⃣ 5️⃣ 6️⃣ 7️⃣ 8️⃣ 9️⃣ 🔟

### alphanum

💯 🔠 🔡 🔢 🔣 🔤 🅰️ 🆎 🅱️ 🆑 🆒 🆓 ℹ️ 🆔 Ⓜ️ 🆕 🆖 🅾️ 🆗 🅿️ 🆘 🆙 🆚 🈁 🈂️ 🈷️ 🈶 🈯 🉐 🈹 🈚 🈲 🉑 🈸 🈴 🈳 ㊗️ ㊙️ 🈺 🈵

### geometric

▪️ ▫️ ◻️ ◼️ ◽ ◾ ⬛ ⬜ 🔶 🔷 🔸 🔹 🔺 🔻 💠 🔘 🔲 🔳 ⚪ ⚫ 🔴 🔵

## Flags

### flag

🏁 🚩 🎌 🏴 🏳️ 🏳️‍🌈 🏴‍☠️

### country-flag

🇦🇨 🇦🇩 🇦🇪 🇦🇫 🇦🇬 🇦🇮 🇦🇱 🇦🇲 🇦🇴 🇦🇶 🇦🇷 🇦🇸 🇦🇹 🇦🇺 🇦🇼 🇦🇽 🇦🇿 🇧🇦 🇧🇧 🇧🇩 🇧🇪 🇧🇫 🇧🇬 🇧🇭 🇧🇮 🇧🇯 🇧🇱 🇧🇲 🇧🇳 🇧🇴 🇧🇶 🇧🇷 🇧🇸 🇧🇹 🇧🇻 🇧🇼 🇧🇾 🇧🇿 🇨🇦 🇨🇨 🇨🇩 🇨🇫 🇨🇬 🇨🇭 🇨🇮 🇨🇰 🇨🇱 🇨🇲 🇨🇳 🇨🇴 🇨🇵 🇨🇷 🇨🇺 🇨🇻 🇨🇼 🇨🇽 🇨🇾 🇨🇿 🇩🇪 🇩🇬 🇩🇯 🇩🇰 🇩🇲 🇩🇴 🇩🇿 🇪🇦 🇪🇨 🇪🇪 🇪🇬 🇪🇭 🇪🇷 🇪🇸 🇪🇹 🇪🇺 🇫🇮 🇫🇯 🇫🇰 🇫🇲 🇫🇴 🇫🇷 🇬🇦 🇬🇧 🇬🇩 🇬🇪 🇬🇫 🇬🇬 🇬🇭 🇬🇮 🇬🇱 🇬🇲 🇬🇳 🇬🇵 🇬🇶 🇬🇷 🇬🇸 🇬🇹 🇬🇺 🇬🇼 🇬🇾 🇭🇰 🇭🇲 🇭🇳 🇭🇷 🇭🇹 🇭🇺 🇮🇨 🇮🇩 🇮🇪 🇮🇱 🇮🇲 🇮🇳 🇮🇴 🇮🇶 🇮🇷 🇮🇸 🇮🇹 🇯🇪 🇯🇲 🇯🇴 🇯🇵 🇰🇪 🇰🇬 🇰🇭 🇰🇮 🇰🇲 🇰🇳 🇰🇵 🇰🇷 🇰🇼 🇰🇾 🇰🇿 🇱🇦 🇱🇧 🇱🇨 🇱🇮 🇱🇰 🇱🇷 🇱🇸 🇱🇹 🇱🇺 🇱🇻 🇱🇾 🇲🇦 🇲🇨 🇲🇩 🇲🇪 🇲🇫 🇲🇬 🇲🇭 🇲🇰 🇲🇱 🇲🇲 🇲🇳 🇲🇴 🇲🇵 🇲🇶 🇲🇷 🇲🇸 🇲🇹 🇲🇺 🇲🇻 🇲🇼 🇲🇽 🇲🇾 🇲🇿 🇳🇦 🇳🇨 🇳🇪 🇳🇫 🇳🇬 🇳🇮 🇳🇱 🇳🇴 🇳🇵 🇳🇷 🇳🇺 🇳🇿 🇴🇲 🇵🇦 🇵🇪 🇵🇫 🇵🇬 🇵🇭 🇵🇰 🇵🇱 🇵🇲 🇵🇳 🇵🇷 🇵🇸 🇵🇹 🇵🇼 🇵🇾 🇶🇦 🇷🇪 🇷🇴 🇷🇸 🇷🇺 🇷🇼 🇸🇦 🇸🇧 🇸🇨 🇸🇩 🇸🇪 🇸🇬 🇸🇭 🇸🇮 🇸🇯 🇸🇰 🇸🇱 🇸🇲 🇸🇳 🇸🇴 🇸🇷 🇸🇸 🇸🇹 🇸🇻 🇸🇽 🇸🇾 🇸🇿 🇹🇦 🇹🇨 🇹🇩 🇹🇫 🇹🇬 🇹🇭 🇹🇯 🇹🇰 🇹🇱 🇹🇲 🇹🇳 🇹🇴 🇹🇷 🇹🇹 🇹🇻 🇹🇼 🇹🇿 🇺🇦 🇺🇬 🇺🇲 🇺🇳 🇺🇸 🇺🇾 🇺🇿 🇻🇦 🇻🇨 🇻🇪 🇻🇬 🇻🇮 🇻🇳 🇻🇺 🇼🇫 🇼🇸 🇽🇰 🇾🇪 🇾🇹 🇿🇦 🇿🇲 🇿🇼

### subdivision-flag

🏴󠁧󠁢󠁥󠁮󠁧󠁿 🏴󠁧󠁢󠁳󠁣󠁴󠁿 🏴󠁧󠁢󠁷󠁬󠁳󠁿

█ █ █ █ █ █ █ █ █ █ █ █ █ █ █ █ █ █ █ █ █ █ █ █ █ █ █ █ █ █ █ █ █ █ █ █ █ █ █ █ █ █ █ █ █ █ █ █ █ █ 
 █ █ █ █ █ █ █ █ █ █ █ █ █ █ █ █ █ █ █ █ █ █ █ █ █ █ █ █ █ █ █ █ █ █ █ █ █ █ █ █ █ █ █ █ █ █ █ █ █ █
█ █ █ █ █ █ █ █ █ █ █ █ █ █ █ █ █ █ █ █ █ █ █ █ █ █ █ █ █ █ █ █ █ █ █ █ █ █ █ █ █ █ █ █ █ █ █ █ █ █ 
 █ █ █ █ █ █ █ █ █ █ █ █ █ █ █ █ █ █ █ █ █ █ █ █ █ █ █ █ █ █ █ █ █ █ █ █ █ █ █ █ █ █ █ █ █ █ █ █ █ █
█ █ █ █ █ █ █ █ █ █ █ █ █ █ █ █ █ █ █ █ █ █ █ █ █ █ █ █ █ █ █ █ █ █ █ █ █ █ █ █ █ █ █ █ █ █ █ █ █ █ 
 █ █ █ █ █ █ █ █ █ █ █ █ █ █ █ █ █ █ █ █ █ █ █ █ █ █ █ █ █ █ █ █ █ █ █ █ █ █ █ █ █ █ █ █ █ █ █ █ █ █
█ █ █ █ █ █ █ █ █ █ █ █ █ █ █ █ █ █ █ █ █ █ █ █ █ █ █ █ █ █ █ █ █ █ █ █ █ █ █ █ █ █ █ █ █ █ █ █ █ █ 
 █ █ █ █ █ █ █ █ █ █ █ █ █ █ █ █ █ █ █ █ █ █ █ █ █ █ █ █ █ █ █ █ █ █ █ █ █ █ █ █ █ █ █ █ █ █ █ █ █ █
█ █ █ █ █ █ █ █ █ █ █ █ █ █ █ █ █ █ █ █ █ █ █ █ █ █ █ █ █ █ █ █ █ █ █ █ █ █ █ █ █ █ █ █ █ █ █ █ █ █ 
 █ █ █ █ █ █ █ █ █ █ █ █ █ █ █ █ █ █ █ █ █ █ █ █ █ █ █ █ █ █ █ █ █ █ █ █ █ █ █ █ █ █ █ █ █ █ █ █ █ █


█ █ █ █ █ █ █ █ █ █ █ █ █ █ █ █ █ █ █ █ █ █ █ █ █ █ █ █ █ █ █ █ █ █ █ █ █ █ █ █ █ █ █ █ █ █ █ █ █ █ 
 █ █ █ █ █ █ █ █ █ █ █ █ █ █ █ █ █ █ █ █ █ █ █ █ █ █ █ █ █ █ █ █ █ █ █ █ █ █ █ █ █ █ █ █ █ █ █ █ █ █
█ █ █ █ █ █ █ █ █ █ █ █ █ █ █ █ █ █ █ █ █ █ █ █ █ █ █ █ █ █ █ █ █ █ █ █ █ █ █ █ █ █ █ █ █ █ █ █ █ █ 
 █ █ █ █ █ █ █ █ █ █ █ █ █ █ █ █ █ █ █ █ █ █ █ █ █ █ █ █ █ █ █ █ █ █ █ █ █ █ █ █ █ █ █ █ █ █ █ █ █ █
█ █ █ █ █ █ █ █ █ █ █ █ █ █ █ █ █ █ █ █ █ █ █ █ █ █ █ █ █ █ █ █ █ █ █ █ █ █ █ █ █ █ █ █ █ █ █ █ █ █ 
 █ █ █ █ █ █ █ █ █ █ █ █ █ █ █ █ █ █ █ █ █ █ █ █ █ █ █ █ █ █ █ █ █ █ █ █ █ █ █ █ █ █ █ █ █ █ █ █ █ █
█ █ █ █ █ █ █ █ █ █ █ █ █ █ █ █ █ █ █ █ █ █ █ █ █ █ █ █ █ █ █ █ █ █ █ █ █ █ █ █ █ █ █ █ █ █ █ █ █ █ 
 █ █ █ █ █ █ █ █ █ █ █ █ █ █ █ █ █ █ █ █ █ █ █ █ █ █ █ █ █ █ █ █ █ █ █ █ █ █ █ █ █ █ █ █ █ █ █ █ █ █
█ █ █ █ █ █ █ █ █ █ █ █ █ █ █ █ █ █ █ █ █ █ █ █ █ █ █ █ █ █ █ █ █ █ █ █ █ █ █ █ █ █ █ █ █ █ █ █ █ █ 
 █ █ █ █ █ █ █ █ █ █ █ █ █ █ █ █ █ █ █ █ █ █ █ █ █ █ █ █ █ █ █ █ █ █ █ █ █ █ █ █ █ █ █ █ █ █ █ █ █ █


█ █ █ █ █ █ █ █ █ █ █ █ █ █ █ █ █ █ █ █ █ █ █ █ █ █ █ █ █ █ █ █ █ █ █ █ █ █ █ █ █ █ █ █ █ █ █ █ █ █ 
 █ █ █ █ █ █ █ █ █ █ █ █ █ █ █ █ █ █ █ █ █ █ █ █ █ █ █ █ █ █ █ █ █ █ █ █ █ █ █ █ █ █ █ █ █ █ █ █ █ █
█ █ █ █ █ █ █ █ █ █ █ █ █ █ █ █ █ █ █ █ █ █ █ █ █ █ █ █ █ █ █ █ █ █ █ █ █ █ █ █ █ █ █ █ █ █ █ █ █ █ 
 █ █ █ █ █ █ █ █ █ █ █ █ █ █ █ █ █ █ █ █ █ █ █ █ █ █ █ █ █ █ █ █ █ █ █ █ █ █ █ █ █ █ █ █ █ █ █ █ █ █
█ █ █ █ █ █ █ █ █ █ █ █ █ █ █ █ █ █ █ █ █ █ █ █ █ █ █ █ █ █ █ █ █ █ █ █ █ █ █ █ █ █ █ █ █ █ █ █ █ █ 
 █ █ █ █ █ █ █ █ █ █ █ █ █ █ █ █ █ █ █ █ █ █ █ █ █ █ █ █ █ █ █ █ █ █ █ █ █ █ █ █ █ █ █ █ █ █ █ █ █ █
█ █ █ █ █ █ █ █ █ █ █ █ █ █ █ █ █ █ █ █ █ █ █ █ █ █ █ █ █ █ █ █ █ █ █ █ █ █ █ █ █ █ █ █ █ █ █ █ █ █ 
 █ █ █ █ █ █ █ █ █ █ █ █ █ █ █ █ █ █ █ █ █ █ █ █ █ █ █ █ █ █ █ █ █ █ █ █ █ █ █ █ █ █ █ █ █ █ █ █ █ █
█ █ █ █ █ █ █ █ █ █ █ █ █ █ █ █ █ █ █ █ █ █ █ █ █ █ █ █ █ █ █ █ █ █ █ █ █ █ █ █ █ █ █ █ █ █ █ █ █ █ 
 █ █ █ █ █ █ █ █ █ █ █ █ █ █ █ █ █ █ █ █ █ █ █ █ █ █ █ █ █ █ █ █ █ █ █ █ █ █ █ █ █ █ █ █ █ █ █ █ █ █


█ █ █ █ █ █ █ █ █ █ █ █ █ █ █ █ █ █ █ █ █ █ █ █ █ █ █ █ █ █ █ █ █ █ █ █ █ █ █ █ █ █ █ █ █ █ █ █ █ █ 
 █ █ █ █ █ █ █ █ █ █ █ █ █ █ █ █ █ █ █ █ █ █ █ █ █ █ █ █ █ █ █ █ █ █ █ █ █ █ █ █ █ █ █ █ █ █ █ █ █ █
█ █ █ █ █ █ █ █ █ █ █ █ █ █ █ █ █ █ █ █ █ █ █ █ █ █ █ █ █ █ █ █ █ █ █ █ █ █ █ █ █ █ █ █ █ █ █ █ █ █ 
 █ █ █ █ █ █ █ █ █ █ █ █ █ █ █ █ █ █ █ █ █ █ █ █ █ █ █ █ █ █ █ █ █ █ █ █ █ █ █ █ █ █ █ █ █ █ █ █ █ █
█ █ █ █ █ █ █ █ █ █ █ █ █ █ █ █ █ █ █ █ █ █ █ █ █ █ █ █ █ █ █ █ █ █ █ █ █ █ █ █ █ █ █ █ █ █ █ █ █ █ 
 █ █ █ █ █ █ █ █ █ █ █ █ █ █ █ █ █ █ █ █ █ █ █ █ █ █ █ █ █ █ █ █ █ █ █ █ █ █ █ █ █ █ █ █ █ █ █ █ █ █
█ █ █ █ █ █ █ █ █ █ █ █ █ █ █ █ █ █ █ █ █ █ █ █ █ █ █ █ █ █ █ █ █ █ █ █ █ █ █ █ █ █ █ █ █ █ █ █ █ █ 
 █ █ █ █ █ █ █ █ █ █ █ █ █ █ █ █ █ █ █ █ █ █ █ █ █ █ █ █ █ █ █ █ █ █ █ █ █ █ █ █ █ █ █ █ █ █ █ █ █ █
█ █ █ █ █ █ █ █ █ █ █ █ █ █ █ █ █ █ █ █ █ █ █ █ █ █ █ █ █ █ █ █ █ █ █ █ █ █ █ █ █ █ █ █ █ █ █ █ █ █ 
 █ █ █ █ █ █ █ █ █ █ █ █ █ █ █ █ █ █ █ █ █ █ █ █ █ █ █ █ █ █ █ █ █ █ █ █ █ █ █ █ █ █ █ █ █ █ █ █ █ █


█ █ █ █ █ █ █ █ █ █ █ █ █ █ █ █ █ █ █ █ █ █ █ █ █ █ █ █ █ █ █ █ █ █ █ █ █ █ █ █ █ █ █ █ █ █ █ █ █ █ 
 █ █ █ █ █ █ █ █ █ █ █ █ █ █ █ █ █ █ █ █ █ █ █ █ █ █ █ █ █ █ █ █ █ █ █ █ █ █ █ █ █ █ █ █ █ █ █ █ █ █
█ █ █ █ █ █ █ █ █ █ █ █ █ █ █ █ █ █ █ █ █ █ █ █ █ █ █ █ █ █ █ █ █ █ █ █ █ █ █ █ █ █ █ █ █ █ █ █ █ █ 
 █ █ █ █ █ █ █ █ █ █ █ █ █ █ █ █ █ █ █ █ █ █ █ █ █ █ █ █ █ █ █ █ █ █ █ █ █ █ █ █ █ █ █ █ █ █ █ █ █ █
█ █ █ █ █ █ █ █ █ █ █ █ █ █ █ █ █ █ █ █ █ █ █ █ █ █ █ █ █ █ █ █ █ █ █ █ █ █ █ █ █ █ █ █ █ █ █ █ █ █ 
 █ █ █ █ █ █ █ █ █ █ █ █ █ █ █ █ █ █ █ █ █ █ █ █ █ █ █ █ █ █ █ █ █ █ █ █ █ █ █ █ █ █ █ █ █ █ █ █ █ █
█ █ █ █ █ █ █ █ █ █ █ █ █ █ █ █ █ █ █ █ █ █ █ █ █ █ █ █ █ █ █ █ █ █ █ █ █ █ █ █ █ █ █ █ █ █ █ █ █ █ 
 █ █ █ █ █ █ █ █ █ █ █ █ █ █ █ █ █ █ █ █ █ █ █ █ █ █ █ █ █ █ █ █ █ █ █ █ █ █ █ █ █ █ █ █ █ █ █ █ █ █
█ █ █ █ █ █ █ █ █ █ █ █ █ █ █ █ █ █ █ █ █ █ █ █ █ █ █ █ █ █ █ █ █ █ █ █ █ █ █ █ █ █ █ █ █ █ █ █ █ █ 
 █ █ █ █ █ █ █ █ █ █ █ █ █ █ █ █ █ █ █ █ █ █ █ █ █ █ █ █ █ █ █ █ █ █ █ █ █ █ █ █ █ █ █ █ █ █ █ █ █ █


█ █ █ █ █ █ █ █ █ █ █ █ █ █ █ █ █ █ █ █ █ █ █ █ █ █ █ █ █ █ █ █ █ █ █ █ █ █ █ █ █ █ █ █ █ █ █ █ █ █ 
 █ █ █ █ █ █ █ █ █ █ █ █ █ █ █ █ █ █ █ █ █ █ █ █ █ █ █ █ █ █ █ █ █ █ █ █ █ █ █ █ █ █ █ █ █ █ █ █ █ █
█ █ █ █ █ █ █ █ █ █ █ █ █ █ █ █ █ █ █ █ █ █ █ █ █ █ █ █ █ █ █ █ █ █ █ █ █ █ █ █ █ █ █ █ █ █ █ █ █ █ 
 █ █ █ █ █ █ █ █ █ █ █ █ █ █ █ █ █ █ █ █ █ █ █ █ █ █ █ █ █ █ █ █ █ █ █ █ █ █ █ █ █ █ █ █ █ █ █ █ █ █
█ █ █ █ █ █ █ █ █ █ █ █ █ █ █ █ █ █ █ █ █ █ █ █ █ █ █ █ █ █ █ █ █ █ █ █ █ █ █ █ █ █ █ █ █ █ █ █ █ █ 
 █ █ █ █ █ █ █ █ █ █ █ █ █ █ █ █ █ █ █ █ █ █ █ █ █ █ █ █ █ █ █ █ █ █ █ █ █ █ █ █ █ █ █ █ █ █ █ █ █ █
█ █ █ █ █ █ █ █ █ █ █ █ █ █ █ █ █ █ █ █ █ █ █ █ █ █ █ █ █ █ █ █ █ █ █ █ █ █ █ █ █ █ █ █ █ █ █ █ █ █ 
 █ █ █ █ █ █ █ █ █ █ █ █ █ █ █ █ █ █ █ █ █ █ █ █ █ █ █ █ █ █ █ █ █ █ █ █ █ █ █ █ █ █ █ █ █ █ █ █ █ █
█ █ █ █ █ █ █ █ █ █ █ █ █ █ █ █ █ █ █ █ █ █ █ █ █ █ █ █ █ █ █ █ █ █ █ █ █ █ █ █ █ █ █ █ █ █ █ █ █ █ 
 █ █ █ █ █ █ █ █ █ █ █ █ █ █ █ █ █ █ █ █ █ █ █ █ █ █ █ █ █ █ █ █ █ █ █ █ █ █ █ █ █ █ █ █ █ █ █ █ █ █


█ █ █ █ █ █ █ █ █ █ █ █ █ █ █ █ █ █ █ █ █ █ █ █ █ █ █ █ █ █ █ █ █ █ █ █ █ █ █ █ █ █ █ █ █ █ █ █ █ █ 
 █ █ █ █ █ █ █ █ █ █ █ █ █ █ █ █ █ █ █ █ █ █ █ █ █ █ █ █ █ █ █ █ █ █ █ █ █ █ █ █ █ █ █ █ █ █ █ █ █ █
█ █ █ █ █ █ █ █ █ █ █ █ █ █ █ █ █ █ █ █ █ █ █ █ █ █ █ █ █ █ █ █ █ █ █ █ █ █ █ █ █ █ █ █ █ █ █ █ █ █ 
 █ █ █ █ █ █ █ █ █ █ █ █ █ █ █ █ █ █ █ █ █ █ █ █ █ █ █ █ █ █ █ █ █ █ █ █ █ █ █ █ █ █ █ █ █ █ █ █ █ █
█ █ █ █ █ █ █ █ █ █ █ █ █ █ █ █ █ █ █ █ █ █ █ █ █ █ █ █ █ █ █ █ █ █ █ █ █ █ █ █ █ █ █ █ █ █ █ █ █ █ 
 █ █ █ █ █ █ █ █ █ █ █ █ █ █ █ █ █ █ █ █ █ █ █ █ █ █ █ █ █ █ █ █ █ █ █ █ █ █ █ █ █ █ █ █ █ █ █ █ █ █
█ █ █ █ █ █ █ █ █ █ █ █ █ █ █ █ █ █ █ █ █ █ █ █ █ █ █ █ █ █ █ █ █ █ █ █ █ █ █ █ █ █ █ █ █ █ █ █ █ █ 
 █ █ █ █ █ █ █ █ █ █ █ █ █ █ █ █ █ █ █ █ █ █ █ █ █ █ █ █ █ █ █ █ █ █ █ █ █ █ █ █ █ █ █ █ █ █ █ █ █ █
█ █ █ █ █ █ █ █ █ █ █ █ █ █ █ █ █ █ █ █ █ █ █ █ █ █ █ █ █ █ █ █ █ █ █ █ █ █ █ █ █ █ █ █ █ █ █ █ █ █ 
 █ █ █ █ █ █ █ █ █ █ █ █ █ █ █ █ █ █ █ █ █ █ █ █ █ █ █ █ █ █ █ █ █ █ █ █ █ █ █ █ █ █ █ █ █ █ █ █ █ █


█ █ █ █ █ █ █ █ █ █ █ █ █ █ █ █ █ █ █ █ █ █ █ █ █ █ █ █ █ █ █ █ █ █ █ █ █ █ █ █ █ █ █ █ █ █ █ █ █ █ 
 █ █ █ █ █ █ █ █ █ █ █ █ █ █ █ █ █ █ █ █ █ █ █ █ █ █ █ █ █ █ █ █ █ █ █ █ █ █ █ █ █ █ █ █ █ █ █ █ █ █
█ █ █ █ █ █ █ █ █ █ █ █ █ █ █ █ █ █ █ █ █ █ █ █ █ █ █ █ █ █ █ █ █ █ █ █ █ █ █ █ █ █ █ █ █ █ █ █ █ █ 
 █ █ █ █ █ █ █ █ █ █ █ █ █ █ █ █ █ █ █ █ █ █ █ █ █ █ █ █ █ █ █ █ █ █ █ █ █ █ █ █ █ █ █ █ █ █ █ █ █ █
█ █ █ █ █ █ █ █ █ █ █ █ █ █ █ █ █ █ █ █ █ █ █ █ █ █ █ █ █ █ █ █ █ █ █ █ █ █ █ █ █ █ █ █ █ █ █ █ █ █ 
 █ █ █ █ █ █ █ █ █ █ █ █ █ █ █ █ █ █ █ █ █ █ █ █ █ █ █ █ █ █ █ █ █ █ █ █ █ █ █ █ █ █ █ █ █ █ █ █ █ █
█ █ █ █ █ █ █ █ █ █ █ █ █ █ █ █ █ █ █ █ █ █ █ █ █ █ █ █ █ █ █ █ █ █ █ █ █ █ █ █ █ █ █ █ █ █ █ █ █ █ 
 █ █ █ █ █ █ █ █ █ █ █ █ █ █ █ █ █ █ █ █ █ █ █ █ █ █ █ █ █ █ █ █ █ █ █ █ █ █ █ █ █ █ █ █ █ █ █ █ █ █
█ █ █ █ █ █ █ █ █ █ █ █ █ █ █ █ █ █ █ █ █ █ █ █ █ █ █ █ █ █ █ █ █ █ █ █ █ █ █ █ █ █ █ █ █ █ █ █ █ █ 
 █ █ █ █ █ █ █ █ █ █ █ █ █ █ █ █ █ █ █ █ █ █ █ █ █ █ █ █ █ █ █ █ █ █ █ █ █ █ █ █ █ █ █ █ █ █ █ █ █ █


█ █ █ █ █ █ █ █ █ █ █ █ █ █ █ █ █ █ █ █ █ █ █ █ █ █ █ █ █ █ █ █ █ █ █ █ █ █ █ █ █ █ █ █ █ █ █ █ █ █ 
 █ █ █ █ █ █ █ █ █ █ █ █ █ █ █ █ █ █ █ █ █ █ █ █ █ █ █ █ █ █ █ █ █ █ █ █ █ █ █ █ █ █ █ █ █ █ █ █ █ █
█ █ █ █ █ █ █ █ █ █ █ █ █ █ █ █ █ █ █ █ █ █ █ █ █ █ █ █ █ █ █ █ █ █ █ █ █ █ █ █ █ █ █ █ █ █ █ █ █ █ 
 █ █ █ █ █ █ █ █ █ █ █ █ █ █ █ █ █ █ █ █ █ █ █ █ █ █ █ █ █ █ █ █ █ █ █ █ █ █ █ █ █ █ █ █ █ █ █ █ █ █
█ █ █ █ █ █ █ █ █ █ █ █ █ █ █ █ █ █ █ █ █ █ █ █ █ █ █ █ █ █ █ █ █ █ █ █ █ █ █ █ █ █ █ █ █ █ █ █ █ █ 
 █ █ █ █ █ █ █ █ █ █ █ █ █ █ █ █ █ █ █ █ █ █ █ █ █ █ █ █ █ █ █ █ █ █ █ █ █ █ █ █ █ █ █ █ █ █ █ █ █ █
█ █ █ █ █ █ █ █ █ █ █ █ █ █ █ █ █ █ █ █ █ █ █ █ █ █ █ █ █ █ █ █ █ █ █ █ █ █ █ █ █ █ █ █ █ █ █ █ █ █ 
 █ █ █ █ █ █ █ █ █ █ █ █ █ █ █ █ █ █ █ █ █ █ █ █ █ █ █ █ █ █ █ █ █ █ █ █ █ █ █ █ █ █ █ █ █ █ █ █ █ █
█ █ █ █ █ █ █ █ █ █ █ █ █ █ █ █ █ █ █ █ █ █ █ █ █ █ █ █ █ █ █ █ █ █ █ █ █ █ █ █ █ █ █ █ █ █ █ █ █ █ 
 █ █ █ █ █ █ █ █ █ █ █ █ █ █ █ █ █ █ █ █ █ █ █ █ █ █ █ █ █ █ █ █ █ █ █ █ █ █ █ █ █ █ █ █ █ █ █ █ █ █


█ █ █ █ █ █ █ █ █ █ █ █ █ █ █ █ █ █ █ █ █ █ █ █ █ █ █ █ █ █ █ █ █ █ █ █ █ █ █ █ █ █ █ █ █ █ █ █ █ █ 
 █ █ █ █ █ █ █ █ █ █ █ █ █ █ █ █ █ █ █ █ █ █ █ █ █ █ █ █ █ █ █ █ █ █ █ █ █ █ █ █ █ █ █ █ █ █ █ █ █ █
█ █ █ █ █ █ █ █ █ █ █ █ █ █ █ █ █ █ █ █ █ █ █ █ █ █ █ █ █ █ █ █ █ █ █ █ █ █ █ █ █ █ █ █ █ █ █ █ █ █ 
 █ █ █ █ █ █ █ █ █ █ █ █ █ █ █ █ █ █ █ █ █ █ █ █ █ █ █ █ █ █ █ █ █ █ █ █ █ █ █ █ █ █ █ █ █ █ █ █ █ █
█ █ █ █ █ █ █ █ █ █ █ █ █ █ █ █ █ █ █ █ █ █ █ █ █ █ █ █ █ █ █ █ █ █ █ █ █ █ █ █ █ █ █ █ █ █ █ █ █ █ 
 █ █ █ █ █ █ █ █ █ █ █ █ █ █ █ █ █ █ █ █ █ █ █ █ █ █ █ █ █ █ █ █ █ █ █ █ █ █ █ █ █ █ █ █ █ █ █ █ █ █
█ █ █ █ █ █ █ █ █ █ █ █ █ █ █ █ █ █ █ █ █ █ █ █ █ █ █ █ █ █ █ █ █ █ █ █ █ █ █ █ █ █ █ █ █ █ █ █ █ █ 
 █ █ █ █ █ █ █ █ █ █ █ █ █ █ █ █ █ █ █ █ █ █ █ █ █ █ █ █ █ █ █ █ █ █ █ █ █ █ █ █ █ █ █ █ █ █ █ █ █ █
█ █ █ █ █ █ █ █ █ █ █ █ █ █ █ █ █ █ █ █ █ █ █ █ █ █ █ █ █ █ █ █ █ █ █ █ █ █ █ █ █ █ █ █ █ █ █ █ █ █ 
 █ █ █ █ █ █ █ █ █ █ █ █ █ █ █ █ █ █ █ █ █ █ █ █ █ █ █ █ █ █ █ █ █ █ █ █ █ █ █ █ █ █ █ █ █ █ █ █ █ █


█ █ █ █ █ █ █ █ █ █ █ █ █ █ █ █ █ █ █ █ █ █ █ █ █ █ █ █ █ █ █ █ █ █ █ █ █ █ █ █ █ █ █ █ █ █ █ █ █ █ 
 █ █ █ █ █ █ █ █ █ █ █ █ █ █ █ █ █ █ █ █ █ █ █ █ █ █ █ █ █ █ █ █ █ █ █ █ █ █ █ █ █ █ █ █ █ █ █ █ █ █
█ █ █ █ █ █ █ █ █ █ █ █ █ █ █ █ █ █ █ █ █ █ █ █ █ █ █ █ █ █ █ █ █ █ █ █ █ █ █ █ █ █ █ █ █ █ █ █ █ █ 
 █ █ █ █ █ █ █ █ █ █ █ █ █ █ █ █ █ █ █ █ █ █ █ █ █ █ █ █ █ █ █ █ █ █ █ █ █ █ █ █ █ █ █ █ █ █ █ █ █ █
█ █ █ █ █ █ █ █ █ █ █ █ █ █ █ █ █ █ █ █ █ █ █ █ █ █ █ █ █ █ █ █ █ █ █ █ █ █ █ █ █ █ █ █ █ █ █ █ █ █ 
 █ █ █ █ █ █ █ █ █ █ █ █ █ █ █ █ █ █ █ █ █ █ █ █ █ █ █ █ █ █ █ █ █ █ █ █ █ █ █ █ █ █ █ █ █ █ █ █ █ █
█ █ █ █ █ █ █ █ █ █ █ █ █ █ █ █ █ █ █ █ █ █ █ █ █ █ █ █ █ █ █ █ █ █ █ █ █ █ █ █ █ █ █ █ █ █ █ █ █ █ 
 █ █ █ █ █ █ █ █ █ █ █ █ █ █ █ █ █ █ █ █ █ █ █ █ █ █ █ █ █ █ █ █ █ █ █ █ █ █ █ █ █ █ █ █ █ █ █ █ █ █
█ █ █ █ █ █ █ █ █ █ █ █ █ █ █ █ █ █ █ █ █ █ █ █ █ █ █ █ █ █ █ █ █ █ █ █ █ █ █ █ █ █ █ █ █ █ █ █ █ █ 
 █ █ █ █ █ █ █ █ █ █ █ █ █ █ █ █ █ █ █ █ █ █ █ █ █ █ █ █ █ █ █ █ █ █ █ █ █ █ █ █ █ █ █ █ █ █ █ █ █ █


█ █ █ █ █ █ █ █ █ █ █ █ █ █ █ █ █ █ █ █ █ █ █ █ █ █ █ █ █ █ █ █ █ █ █ █ █ █ █ █ █ █ █ █ █ █ █ █ █ █ 
 █ █ █ █ █ █ █ █ █ █ █ █ █ █ █ █ █ █ █ █ █ █ █ █ █ █ █ █ █ █ █ █ █ █ █ █ █ █ █ █ █ █ █ █ █ █ █ █ █ █
█ █ █ █ █ █ █ █ █ █ █ █ █ █ █ █ █ █ █ █ █ █ █ █ █ █ █ █ █ █ █ █ █ █ █ █ █ █ █ █ █ █ █ █ █ █ █ █ █ █ 
 █ █ █ █ █ █ █ █ █ █ █ █ █ █ █ █ █ █ █ █ █ █ █ █ █ █ █ █ █ █ █ █ █ █ █ █ █ █ █ █ █ █ █ █ █ █ █ █ █ █
█ █ █ █ █ █ █ █ █ █ █ █ █ █ █ █ █ █ █ █ █ █ █ █ █ █ █ █ █ █ █ █ █ █ █ █ █ █ █ █ █ █ █ █ █ █ █ █ █ █ 
 █ █ █ █ █ █ █ █ █ █ █ █ █ █ █ █ █ █ █ █ █ █ █ █ █ █ █ █ █ █ █ █ █ █ █ █ █ █ █ █ █ █ █ █ █ █ █ █ █ █
█ █ █ █ █ █ █ █ █ █ █ █ █ █ █ █ █ █ █ █ █ █ █ █ █ █ █ █ █ █ █ █ █ █ █ █ █ █ █ █ █ █ █ █ █ █ █ █ █ █ 
 █ █ █ █ █ █ █ █ █ █ █ █ █ █ █ █ █ █ █ █ █ █ █ █ █ █ █ █ █ █ █ █ █ █ █ █ █ █ █ █ █ █ █ █ █ █ █ █ █ █
█ █ █ █ █ █ █ █ █ █ █ █ █ █ █ █ █ █ █ █ █ █ █ █ █ █ █ █ █ █ █ █ █ █ █ █ █ █ █ █ █ █ █ █ █ █ █ █ █ █ 
 █ █ █ █ █ █ █ █ █ █ █ █ █ █ █ █ █ █ █ █ █ █ █ █ █ █ █ █ █ █ █ █ █ █ █ █ █ █ █ █ █ █ █ █ █ █ █ █ █ █


█ █ █ █ █ █ █ █ █ █ █ █ █ █ █ █ █ █ █ █ █ █ █ █ █ █ █ █ █ █ █ █ █ █ █ █ █ █ █ █ █ █ █ █ █ █ █ █ █ █ 
 █ █ █ █ █ █ █ █ █ █ █ █ █ █ █ █ █ █ █ █ █ █ █ █ █ █ █ █ █ █ █ █ █ █ █ █ █ █ █ █ █ █ █ █ █ █ █ █ █ █
█ █ █ █ █ █ █ █ █ █ █ █ █ █ █ █ █ █ █ █ █ █ █ █ █ █ █ █ █ █ █ █ █ █ █ █ █ █ █ █ █ █ █ █ █ █ █ █ █ █ 
 █ █ █ █ █ █ █ █ █ █ █ █ █ █ █ █ █ █ █ █ █ █ █ █ █ █ █ █ █ █ █ █ █ █ █ █ █ █ █ █ █ █ █ █ █ █ █ █ █ █
█ █ █ █ █ █ █ █ █ █ █ █ █ █ █ █ █ █ █ █ █ █ █ █ █ █ █ █ █ █ █ █ █ █ █ █ █ █ █ █ █ █ █ █ █ █ █ █ █ █ 
 █ █ █ █ █ █ █ █ █ █ █ █ █ █ █ █ █ █ █ █ █ █ █ █ █ █ █ █ █ █ █ █ █ █ █ █ █ █ █ █ █ █ █ █ █ █ █ █ █ █
█ █ █ █ █ █ █ █ █ █ █ █ █ █ █ █ █ █ █ █ █ █ █ █ █ █ █ █ █ █ █ █ █ █ █ █ █ █ █ █ █ █ █ █ █ █ █ █ █ █ 
 █ █ █ █ █ █ █ █ █ █ █ █ █ █ █ █ █ █ █ █ █ █ █ █ █ █ █ █ █ █ █ █ █ █ █ █ █ █ █ █ █ █ █ █ █ █ █ █ █ █
█ █ █ █ █ █ █ █ █ █ █ █ █ █ █ █ █ █ █ █ █ █ █ █ █ █ █ █ █ █ █ █ █ █ █ █ █ █ █ █ █ █ █ █ █ █ █ █ █ █ 
 █ █ █ █ █ █ █ █ █ █ █ █ █ █ █ █ █ █ █ █ █ █ █ █ █ █ █ █ █ █ █ █ █ █ █ █ █ █ █ █ █ █ █ █ █ █ █ █ █ █


█ █ █ █ █ █ █ █ █ █ █ █ █ █ █ █ █ █ █ █ █ █ █ █ █ █ █ █ █ █ █ █ █ █ █ █ █ █ █ █ █ █ █ █ █ █ █ █ █ █ 
 █ █ █ █ █ █ █ █ █ █ █ █ █ █ █ █ █ █ █ █ █ █ █ █ █ █ █ █ █ █ █ █ █ █ █ █ █ █ █ █ █ █ █ █ █ █ █ █ █ █
█ █ █ █ █ █ █ █ █ █ █ █ █ █ █ █ █ █ █ █ █ █ █ █ █ █ █ █ █ █ █ █ █ █ █ █ █ █ █ █ █ █ █ █ █ █ █ █ █ █ 
 █ █ █ █ █ █ █ █ █ █ █ █ █ █ █ █ █ █ █ █ █ █ █ █ █ █ █ █ █ █ █ █ █ █ █ █ █ █ █ █ █ █ █ █ █ █ █ █ █ █
█ █ █ █ █ █ █ █ █ █ █ █ █ █ █ █ █ █ █ █ █ █ █ █ █ █ █ █ █ █ █ █ █ █ █ █ █ █ █ █ █ █ █ █ █ █ █ █ █ █ 
 █ █ █ █ █ █ █ █ █ █ █ █ █ █ █ █ █ █ █ █ █ █ █ █ █ █ █ █ █ █ █ █ █ █ █ █ █ █ █ █ █ █ █ █ █ █ █ █ █ █
█ █ █ █ █ █ █ █ █ █ █ █ █ █ █ █ █ █ █ █ █ █ █ █ █ █ █ █ █ █ █ █ █ █ █ █ █ █ █ █ █ █ █ █ █ █ █ █ █ █ 
 █ █ █ █ █ █ █ █ █ █ █ █ █ █ █ █ █ █ █ █ █ █ █ █ █ █ █ █ █ █ █ █ █ █ █ █ █ █ █ █ █ █ █ █ █ █ █ █ █ █
█ █ █ █ █ █ █ █ █ █ █ █ █ █ █ █ █ █ █ █ █ █ █ █ █ █ █ █ █ █ █ █ █ █ █ █ █ █ █ █ █ █ █ █ █ █ █ █ █ █ 
 █ █ █ █ █ █ █ █ █ █ █ █ █ █ █ █ █ █ █ █ █ █ █ █ █ █ █ █ █ █ █ █ █ █ █ █ █ █ █ █ █ █ █ █ █ █ █ █ █ █


█ █ █ █ █ █ █ █ █ █ █ █ █ █ █ █ █ █ █ █ █ █ █ █ █ █ █ █ █ █ █ █ █ █ █ █ █ █ █ █ █ █ █ █ █ █ █ █ █ █ 
 █ █ █ █ █ █ █ █ █ █ █ █ █ █ █ █ █ █ █ █ █ █ █ █ █ █ █ █ █ █ █ █ █ █ █ █ █ █ █ █ █ █ █ █ █ █ █ █ █ █
█ █ █ █ █ █ █ █ █ █ █ █ █ █ █ █ █ █ █ █ █ █ █ █ █ █ █ █ █ █ █ █ █ █ █ █ █ █ █ █ █ █ █ █ █ █ █ █ █ █ 
 █ █ █ █ █ █ █ █ █ █ █ █ █ █ █ █ █ █ █ █ █ █ █ █ █ █ █ █ █ █ █ █ █ █ █ █ █ █ █ █ █ █ █ █ █ █ █ █ █ █
█ █ █ █ █ █ █ █ █ █ █ █ █ █ █ █ █ █ █ █ █ █ █ █ █ █ █ █ █ █ █ █ █ █ █ █ █ █ █ █ █ █ █ █ █ █ █ █ █ █ 
 █ █ █ █ █ █ █ █ █ █ █ █ █ █ █ █ █ █ █ █ █ █ █ █ █ █ █ █ █ █ █ █ █ █ █ █ █ █ █ █ █ █ █ █ █ █ █ █ █ █
█ █ █ █ █ █ █ █ █ █ █ █ █ █ █ █ █ █ █ █ █ █ █ █ █ █ █ █ █ █ █ █ █ █ █ █ █ █ █ █ █ █ █ █ █ █ █ █ █ █ 
 █ █ █ █ █ █ █ █ █ █ █ █ █ █ █ █ █ █ █ █ █ █ █ █ █ █ █ █ █ █ █ █ █ █ █ █ █ █ █ █ █ █ █ █ █ █ █ █ █ █
█ █ █ █ █ █ █ █ █ █ █ █ █ █ █ █ █ █ █ █ █ █ █ █ █ █ █ █ █ █ █ █ █ █ █ █ █ █ █ █ █ █ █ █ █ █ █ █ █ █ 
 █ █ █ █ █ █ █ █ █ █ █ █ █ █ █ █ █ █ █ █ █ █ █ █ █ █ █ █ █ █ █ █ █ █ █ █ █ █ █ █ █ █ █ █ █ █ █ █ █ █

